<?xml version="1.0" encoding="UTF-8"?>
<!-- Generated by org.testng.reporters.JUnitXMLReporter -->
<testsuite ignored="1" hostname="Zuhals-MBP" failures="0" tests="2" name="Chrome browser tests" time="0.148" errors="0" timestamp="2023-11-13T21:31:33 EST">
  <testcase classname="com.demo.tests.DemoTests" name="test1" time="0.002"/>
  <testcase classname="com.demo.tests.DemoTests" name="test2" time="0.0"/>
  <testcase classname="com.demo.tests.DemoTests" name="test3" time="0.0">
    <ignored/>
  </testcase> <!-- test3 -->
</testsuite> <!-- Chrome browser tests -->
