<?xml version="1.0" encoding="UTF-8"?>
<!-- Generated by org.testng.reporters.JUnitXMLReporter -->
<testsuite ignored="1" hostname="Zuhals-MBP" failures="0" tests="7" name="Safari browser tests" time="0.049" errors="0" timestamp="2023-11-13T21:29:58 EST">
  <testcase classname="com.demo.tests.DemoTests" name="dpTest" time="0.001"/>
  <testcase classname="com.demo.tests.DemoTests" name="dpTest" time="0.001"/>
  <testcase classname="com.demo.tests.DemoTests" name="dpTest" time="0.002"/>
  <testcase classname="com.demo.tests.DemoTests" name="parameterTest" time="0.001"/>
  <testcase classname="com.demo.tests.DemoTests" name="test1" time="0.0"/>
  <testcase classname="com.demo.tests.DemoTests" name="test2" time="0.001"/>
  <testcase classname="com.demo.tests.DemoTests" name="testException" time="0.001"/>
  <testcase classname="com.demo.tests.DemoTests" name="test3" time="0.0">
    <ignored/>
  </testcase> <!-- test3 -->
</testsuite> <!-- Safari browser tests -->
